# JRE version: OpenJDK Runtime Environment (8.0_131-b11) (build 1.8.0_131-b11)
# Java VM: OpenJDK 64-Bit Server VM (25.131-b11 mixed mode linux-amd64 )
Heap:
 PSYoungGen      total 2316288K, used 1071093K [0x00007efc9cc00000, 0x00007f0135200000, 0x00007f159cc00000)
  eden space 1041920K, 0% used [0x00007efc9cc00000,0x00007efc9cc00000,0x00007efcdc580000)
  from space 1274368K, 84% used [0x00007efcdc580000,0x00007efd1db7d4c0,0x00007efd2a200000)
  to   space 9038848K, 0% used [0x00007eff0d700000,0x00007eff0d700000,0x00007f0135200000)
 ParOldGen       total 11229184K, used 11228762K [0x00007eca9cc00000, 0x00007ecd4a200000, 0x00007efc9cc00000)
  object space 11229184K, 99% used [0x00007eca9cc00000,0x00007ecd4a1968d8,0x00007ecd4a200000)
 Metaspace       used 23784K, capacity 24457K, committed 24576K, reserved 24576K
GC Heap History (10 events):
Event: 1027,081 GC heap after
Heap after GC invocations=79 (full 11):
 PSYoungGen      total 10003456K, used 5720392K [0x00007efc9cc00000, 0x00007f016f580000, 0x00007f159cc00000)
  eden space 904192K, 0% used [0x00007efc9cc00000,0x00007efc9cc00000,0x00007efcd3f00000)
  from space 9099264K, 62% used [0x00007eff16280000,0x00007f00734d2248,0x00007f0141880000)
  to   space 9473536K, 0% used [0x00007efcd3f00000,0x00007efcd3f00000,0x00007eff16280000)
 ParOldGen       total 7356416K, used 6227026K [0x00007eca9cc00000, 0x00007ecc5dc00000, 0x00007efc9cc00000)
  object space 7356416K, 84% used [0x00007eca9cc00000,0x00007ecc18d14958,0x00007ecc5dc00000)
 Metaspace       used 23784K, capacity 24457K, committed 24576K, reserved 24576K
}
Event: 1039,276 GC heap before
{Heap before GC invocations=80 (full 11):
 PSYoungGen      total 10003456K, used 6624584K [0x00007efc9cc00000, 0x00007f016f580000, 0x00007f159cc00000)
  eden space 904192K, 100% used [0x00007efc9cc00000,0x00007efcd3f00000,0x00007efcd3f00000)
  from space 9099264K, 62% used [0x00007eff16280000,0x00007f00734d2248,0x00007f0141880000)
  to   space 9473536K, 0% used [0x00007efcd3f00000,0x00007efcd3f00000,0x00007eff16280000)
 ParOldGen       total 7356416K, used 6227026K [0x00007eca9cc00000, 0x00007ecc5dc00000, 0x00007efc9cc00000)
  object space 7356416K, 84% used [0x00007eca9cc00000,0x00007ecc18d14958,0x00007ecc5dc00000)
 Metaspace       used 23784K, capacity 24457K, committed 24576K, reserved 24576K
Event: 1116,923 GC heap after
Heap after GC invocations=80 (full 11):
 PSYoungGen      total 10377728K, used 5793079K [0x00007efc9cc00000, 0x00007f0184780000, 0x00007f159cc00000)
  eden space 904192K, 0% used [0x00007efc9cc00000,0x00007efc9cc00000,0x00007efcd3f00000)
  from space 9473536K, 61% used [0x00007efcd3f00000,0x00007efe3584dd98,0x00007eff16280000)
  to   space 9766400K, 0% used [0x00007eff30600000,0x00007eff30600000,0x00007f0184780000)
 ParOldGen       total 7356416K, used 6309194K [0x00007eca9cc00000, 0x00007ecc5dc00000, 0x00007efc9cc00000)
  object space 7356416K, 85% used [0x00007eca9cc00000,0x00007ecc1dd52958,0x00007ecc5dc00000)
 Metaspace       used 23784K, capacity 24457K, committed 24576K, reserved 24576K
}
Event: 1145,789 GC heap before
{Heap before GC invocations=81 (full 11):
 PSYoungGen      total 10377728K, used 6697271K [0x00007efc9cc00000, 0x00007f0184780000, 0x00007f159cc00000)
  eden space 904192K, 100% used [0x00007efc9cc00000,0x00007efcd3f00000,0x00007efcd3f00000)
  from space 9473536K, 61% used [0x00007efcd3f00000,0x00007efe3584dd98,0x00007eff16280000)
  to   space 9766400K, 0% used [0x00007eff30600000,0x00007eff30600000,0x00007f0184780000)
 ParOldGen       total 7356416K, used 6309194K [0x00007eca9cc00000, 0x00007ecc5dc00000, 0x00007efc9cc00000)
  object space 7356416K, 85% used [0x00007eca9cc00000,0x00007ecc1dd52958,0x00007ecc5dc00000)
 Metaspace       used 23784K, capacity 24457K, committed 24576K, reserved 24576K
Event: 1219,635 GC heap after
Heap after GC invocations=81 (full 11):
 PSYoungGen      total 9713664K, used 3178865K [0x00007efc9cc00000, 0x00007f0141a80000, 0x00007f159cc00000)
  eden space 1041920K, 0% used [0x00007efc9cc00000,0x00007efc9cc00000,0x00007efcdc580000)
  from space 8671744K, 36% used [0x00007eff30600000,0x00007efff265c690,0x00007f0141a80000)
  to   space 9218560K, 0% used [0x00007efcdc580000,0x00007efcdc580000,0x00007eff0f000000)
 ParOldGen       total 9081856K, used 9081850K [0x00007eca9cc00000, 0x00007eccc7100000, 0x00007efc9cc00000)
  object space 9081856K, 99% used [0x00007eca9cc00000,0x00007eccc70fe958,0x00007eccc7100000)
 Metaspace       used 23784K, capacity 24457K, committed 24576K, reserved 24576K
}
Event: 1219,635 GC heap before
{Heap before GC invocations=82 (full 12):
 PSYoungGen      total 9713664K, used 3178865K [0x00007efc9cc00000, 0x00007f0141a80000, 0x00007f159cc00000)
  eden space 1041920K, 0% used [0x00007efc9cc00000,0x00007efc9cc00000,0x00007efcdc580000)
  from space 8671744K, 36% used [0x00007eff30600000,0x00007efff265c690,0x00007f0141a80000)
  to   space 9218560K, 0% used [0x00007efcdc580000,0x00007efcdc580000,0x00007eff0f000000)
 ParOldGen       total 9081856K, used 9081850K [0x00007eca9cc00000, 0x00007eccc7100000, 0x00007efc9cc00000)
  object space 9081856K, 99% used [0x00007eca9cc00000,0x00007eccc70fe958,0x00007eccc7100000)
 Metaspace       used 23784K, capacity 24457K, committed 24576K, reserved 24576K
Event: 1336,510 GC heap after
Heap after GC invocations=82 (full 12):
 PSYoungGen      total 9713664K, used 3045463K [0x00007efc9cc00000, 0x00007f0141a80000, 0x00007f159cc00000)
  eden space 1041920K, 0% used [0x00007efc9cc00000,0x00007efc9cc00000,0x00007efcdc580000)
  from space 8671744K, 35% used [0x00007eff30600000,0x00007effea415d70,0x00007f0141a80000)
  to   space 9218560K, 0% used [0x00007efcdc580000,0x00007efcdc580000,0x00007eff0f000000)
 ParOldGen       total 11229184K, used 9081500K [0x00007eca9cc00000, 0x00007ecd4a200000, 0x00007efc9cc00000)
  object space 11229184K, 80% used [0x00007eca9cc00000,0x00007eccc70a7010,0x00007ecd4a200000)
 Metaspace       used 23784K, capacity 24457K, committed 24576K, reserved 24576K
}
Event: 1366,268 GC heap before
{Heap before GC invocations=83 (full 12):
 PSYoungGen      total 9713664K, used 4087383K [0x00007efc9cc00000, 0x00007f0141a80000, 0x00007f159cc00000)
  eden space 1041920K, 100% used [0x00007efc9cc00000,0x00007efcdc580000,0x00007efcdc580000)
  from space 8671744K, 35% used [0x00007eff30600000,0x00007effea415d70,0x00007f0141a80000)
  to   space 9218560K, 0% used [0x00007efcdc580000,0x00007efcdc580000,0x00007eff0f000000)
 ParOldGen       total 11229184K, used 9081500K [0x00007eca9cc00000, 0x00007ecd4a200000, 0x00007efc9cc00000)
  object space 11229184K, 80% used [0x00007eca9cc00000,0x00007eccc70a7010,0x00007ecd4a200000)
 Metaspace       used 23784K, capacity 24457K, committed 24576K, reserved 24576K
Event: 1405,207 GC heap after
Heap after GC invocations=83 (full 12):
 PSYoungGen      total 2316288K, used 1273881K [0x00007efc9cc00000, 0x00007f0135200000, 0x00007f159cc00000)
  eden space 1041920K, 0% used [0x00007efc9cc00000,0x00007efc9cc00000,0x00007efcdc580000)
  from space 1274368K, 99% used [0x00007efcdc580000,0x00007efd2a186440,0x00007efd2a200000)
  to   space 9038848K, 0% used [0x00007eff0d700000,0x00007eff0d700000,0x00007f0135200000)
 ParOldGen       total 11229184K, used 11051788K [0x00007eca9cc00000, 0x00007ecd4a200000, 0x00007efc9cc00000)
  object space 11229184K, 98% used [0x00007eca9cc00000,0x00007ecd3f4c3010,0x00007ecd4a200000)
 Metaspace       used 23784K, capacity 24457K, committed 24576K, reserved 24576K
}
Event: 1405,208 GC heap before
{Heap before GC invocations=84 (full 13):
 PSYoungGen      total 2316288K, used 1273881K [0x00007efc9cc00000, 0x00007f0135200000, 0x00007f159cc00000)
  eden space 1041920K, 0% used [0x00007efc9cc00000,0x00007efc9cc00000,0x00007efcdc580000)
  from space 1274368K, 99% used [0x00007efcdc580000,0x00007efd2a186440,0x00007efd2a200000)
  to   space 9038848K, 0% used [0x00007eff0d700000,0x00007eff0d700000,0x00007f0135200000)
 ParOldGen       total 11229184K, used 11051788K [0x00007eca9cc00000, 0x00007ecd4a200000, 0x00007efc9cc00000)
  object space 11229184K, 98% used [0x00007eca9cc00000,0x00007ecd3f4c3010,0x00007ecd4a200000)
 Metaspace       used 23784K, capacity 24457K, committed 24576K, reserved 24576K

